<?xml version="1.0" encoding="UTF-8"?>
<!-- Generated by org.testng.reporters.JUnitReportReporter -->
<testsuite skipped="0" hostname="DESKTOP-K2BH480" name="com.FlightBookingSystem.BookFlightTicketScript" tests="6" failures="0" timestamp="2021-08-05T23:52:03 IST" time="44.892" errors="0">
  <testcase name="selectFlight" time="3.062" classname="com.FlightBookingSystem.BookFlightTicketScript"/>
  <testcase name="selectDate" time="0.828" classname="com.FlightBookingSystem.BookFlightTicketScript"/>
  <testcase name="selectTravellerAndClass" time="1.567" classname="com.FlightBookingSystem.BookFlightTicketScript"/>
  <testcase name="validatesearchResult" time="31.245" classname="com.FlightBookingSystem.BookFlightTicketScript"/>
  <testcase name="setPriceAndAirlineinExcel" time="5.332" classname="com.FlightBookingSystem.BookFlightTicketScript"/>
  <testcase name="moveSlider" time="2.858" classname="com.FlightBookingSystem.BookFlightTicketScript"/>
</testsuite> <!-- com.FlightBookingSystem.BookFlightTicketScript -->
